2023-11-07 06:19:14 [background-preinit] INFO  o.h.validator.internal.util.Version - HV000001: Hibernate Validator 6.1.5.Final
2023-11-07 06:19:15 [main] INFO  c.m.demo.config.server.ConfigServer - No active profile set, falling back to default profiles: default
2023-11-07 06:19:16 [main] INFO  o.s.cloud.context.scope.GenericScope - BeanFactory id=3ec92dc5-ec3a-3029-a967-d8e88d3f6c4f
2023-11-07 06:19:17 [main] INFO  o.s.b.w.e.tomcat.TomcatWebServer - Tomcat initialized with port(s): 8888 (http)
2023-11-07 06:19:17 [main] INFO  o.a.coyote.http11.Http11NioProtocol - Initializing ProtocolHandler ["http-nio-8888"]
2023-11-07 06:19:17 [main] INFO  o.a.catalina.core.StandardService - Starting service [Tomcat]
2023-11-07 06:19:17 [main] INFO  o.a.catalina.core.StandardEngine - Starting Servlet engine: [Apache Tomcat/9.0.38]
2023-11-07 06:19:17 [main] INFO  o.a.c.c.C.[Tomcat].[localhost].[/] - Initializing Spring embedded WebApplicationContext
2023-11-07 06:19:17 [main] INFO  o.s.b.w.s.c.ServletWebServerApplicationContext - Root WebApplicationContext: initialization completed in 1946 ms
2023-11-07 06:19:18 [main] INFO  o.s.s.c.ThreadPoolTaskExecutor - Initializing ExecutorService 'applicationTaskExecutor'
2023-11-07 06:19:19 [main] INFO  o.s.b.a.e.web.EndpointLinksResolver - Exposing 2 endpoint(s) beneath base path '/actuator'
2023-11-07 06:19:19 [main] INFO  o.a.coyote.http11.Http11NioProtocol - Starting ProtocolHandler ["http-nio-8888"]
2023-11-07 06:19:19 [main] INFO  o.s.b.w.e.tomcat.TomcatWebServer - Tomcat started on port(s): 8888 (http) with context path ''
2023-11-07 06:19:19 [main] INFO  c.m.demo.config.server.ConfigServer - Started ConfigServer in 6.483 seconds (JVM running for 7.333)
2023-11-07 07:15:19 [background-preinit] INFO  o.h.validator.internal.util.Version - HV000001: Hibernate Validator 6.1.5.Final
2023-11-07 07:15:20 [main] INFO  c.m.demo.config.server.ConfigServer - No active profile set, falling back to default profiles: default
2023-11-07 07:15:21 [main] INFO  o.s.cloud.context.scope.GenericScope - BeanFactory id=3ec92dc5-ec3a-3029-a967-d8e88d3f6c4f
2023-11-07 07:15:22 [main] INFO  o.s.b.w.e.tomcat.TomcatWebServer - Tomcat initialized with port(s): 8888 (http)
2023-11-07 07:15:22 [main] INFO  o.a.coyote.http11.Http11NioProtocol - Initializing ProtocolHandler ["http-nio-8888"]
2023-11-07 07:15:22 [main] INFO  o.a.catalina.core.StandardService - Starting service [Tomcat]
2023-11-07 07:15:22 [main] INFO  o.a.catalina.core.StandardEngine - Starting Servlet engine: [Apache Tomcat/9.0.38]
2023-11-07 07:15:22 [main] INFO  o.a.c.c.C.[Tomcat].[localhost].[/] - Initializing Spring embedded WebApplicationContext
2023-11-07 07:15:22 [main] INFO  o.s.b.w.s.c.ServletWebServerApplicationContext - Root WebApplicationContext: initialization completed in 1978 ms
2023-11-07 07:15:23 [main] INFO  o.s.s.c.ThreadPoolTaskExecutor - Initializing ExecutorService 'applicationTaskExecutor'
2023-11-07 07:15:24 [main] INFO  o.s.b.a.e.web.EndpointLinksResolver - Exposing 2 endpoint(s) beneath base path '/actuator'
2023-11-07 07:15:24 [main] INFO  o.a.coyote.http11.Http11NioProtocol - Starting ProtocolHandler ["http-nio-8888"]
2023-11-07 07:15:24 [main] INFO  o.s.b.w.e.tomcat.TomcatWebServer - Tomcat started on port(s): 8888 (http) with context path ''
2023-11-07 07:15:25 [main] INFO  c.m.demo.config.server.ConfigServer - Started ConfigServer in 6.977 seconds (JVM running for 7.663)
2023-11-07 07:20:22 [SpringContextShutdownHook] INFO  o.s.s.c.ThreadPoolTaskExecutor - Shutting down ExecutorService 'applicationTaskExecutor'
2023-11-07 07:32:01 [background-preinit] INFO  o.h.validator.internal.util.Version - HV000001: Hibernate Validator 6.1.5.Final
2023-11-07 07:32:03 [main] INFO  c.m.demo.config.server.ConfigServer - No active profile set, falling back to default profiles: default
2023-11-07 07:32:05 [main] INFO  o.s.cloud.context.scope.GenericScope - BeanFactory id=3ec92dc5-ec3a-3029-a967-d8e88d3f6c4f
2023-11-07 07:32:08 [main] INFO  o.s.b.w.e.tomcat.TomcatWebServer - Tomcat initialized with port(s): 8888 (http)
2023-11-07 07:32:08 [main] INFO  o.a.coyote.http11.Http11NioProtocol - Initializing ProtocolHandler ["http-nio-8888"]
2023-11-07 07:32:08 [main] INFO  o.a.catalina.core.StandardService - Starting service [Tomcat]
2023-11-07 07:32:08 [main] INFO  o.a.catalina.core.StandardEngine - Starting Servlet engine: [Apache Tomcat/9.0.38]
2023-11-07 07:32:09 [main] INFO  o.a.c.c.C.[Tomcat].[localhost].[/] - Initializing Spring embedded WebApplicationContext
2023-11-07 07:32:09 [main] INFO  o.s.b.w.s.c.ServletWebServerApplicationContext - Root WebApplicationContext: initialization completed in 5457 ms
2023-11-07 07:32:10 [main] INFO  o.s.s.c.ThreadPoolTaskExecutor - Initializing ExecutorService 'applicationTaskExecutor'
2023-11-07 07:32:15 [main] INFO  o.s.cloud.commons.util.InetUtils - Cannot determine local hostname
2023-11-07 07:32:15 [main] INFO  o.s.b.a.e.web.EndpointLinksResolver - Exposing 2 endpoint(s) beneath base path '/actuator'
2023-11-07 07:32:15 [main] INFO  o.a.coyote.http11.Http11NioProtocol - Starting ProtocolHandler ["http-nio-8888"]
2023-11-07 07:32:15 [main] INFO  o.s.b.w.e.tomcat.TomcatWebServer - Tomcat started on port(s): 8888 (http) with context path ''
2023-11-07 07:32:17 [main] INFO  o.s.cloud.commons.util.InetUtils - Cannot determine local hostname
2023-11-07 07:32:17 [main] INFO  c.m.demo.config.server.ConfigServer - Started ConfigServer in 17.759 seconds (JVM running for 18.661)
2023-11-07 08:48:47 [http-nio-8888-exec-1] INFO  o.a.c.c.C.[Tomcat].[localhost].[/] - Initializing Spring DispatcherServlet 'dispatcherServlet'
2023-11-07 08:48:47 [http-nio-8888-exec-1] INFO  o.s.web.servlet.DispatcherServlet - Initializing Servlet 'dispatcherServlet'
2023-11-07 08:48:47 [http-nio-8888-exec-1] INFO  o.s.web.servlet.DispatcherServlet - Completed initialization in 125 ms
2023-11-07 08:48:49 [http-nio-8888-exec-1] INFO  o.s.c.c.s.e.MultipleJGitEnvironmentRepository - Cannot pull from remote null, the working tree is not clean.
2023-11-07 08:48:49 [http-nio-8888-exec-1] WARN  o.s.c.c.s.e.MultipleJGitEnvironmentRepository - Could not merge remote for master remote: null
2023-11-07 08:48:49 [http-nio-8888-exec-1] WARN  o.s.c.c.s.e.MultipleJGitEnvironmentRepository - The local repository is dirty or ahead of origin. Resetting it to origin/master.
2023-11-07 08:48:49 [http-nio-8888-exec-1] WARN  o.s.c.c.s.e.MultipleJGitEnvironmentRepository - Could not reset to remote for master (current ref=refs/remotes/origin/master), remote: null
2023-11-07 08:48:50 [http-nio-8888-exec-1] INFO  o.s.cloud.commons.util.InetUtils - Cannot determine local hostname
2023-11-07 08:48:51 [http-nio-8888-exec-1] INFO  o.s.c.c.s.e.NativeEnvironmentRepository - Adding property source: file:/C:/Users/sinha/udemy/event-driven-microservices/microservices-demo/config-server-repository/config-client-twitter_to_kafka.yml
2023-11-07 08:48:51 [http-nio-8888-exec-1] INFO  o.s.c.c.s.e.NativeEnvironmentRepository - Adding property source: file:/C:/Users/sinha/udemy/event-driven-microservices/microservices-demo/config-server-repository/config-client.yml
2023-11-07 08:49:17 [SpringContextShutdownHook] INFO  o.s.s.c.ThreadPoolTaskExecutor - Shutting down ExecutorService 'applicationTaskExecutor'
