2023-10-20 16:48:11 [main] INFO  o.s.c.c.c.ConfigServicePropertySourceLocator - Fetching config from server at : http://localhost:8888
2023-10-20 16:48:13 [main] WARN  o.s.c.c.c.ConfigServicePropertySourceLocator - Could not locate PropertySource: 500 : [{"timestamp":"2023-10-20T11:18:12.908+00:00","status":500,"error":"Internal Server Error","message":"","path":"/twitter-to-kafka-service,config-client/twitter_to_kafka"}]
2023-10-20 16:48:13 [main] INFO  c.m.d.t.t.k.s.TwitterToKafkaServiceApplication - The following profiles are active: twitter_to_kafka
2023-10-20 16:48:14 [main] INFO  o.s.cloud.context.scope.GenericScope - BeanFactory id=0fc6d2c2-1ec3-37dc-8db5-1d59360e9cd8
2023-10-20 16:48:14 [main] INFO  o.s.c.s.PostProcessorRegistrationDelegate$BeanPostProcessorChecker - Bean 'org.springframework.retry.annotation.RetryConfiguration' of type [org.springframework.retry.annotation.RetryConfiguration$$EnhancerBySpringCGLIB$$b8501dbc] is not eligible for getting processed by all BeanPostProcessors (for example: not eligible for auto-proxying)
2023-10-20 16:48:14 [main] INFO  o.a.k.c.admin.AdminClientConfig - AdminClientConfig values: 
	bootstrap.servers = [localhost:19092, localhost:29092, localhost:39092]
	client.dns.lookup = default
	client.id = 
	connections.max.idle.ms = 300000
	default.api.timeout.ms = 60000
	metadata.max.age.ms = 300000
	metric.reporters = []
	metrics.num.samples = 2
	metrics.recording.level = INFO
	metrics.sample.window.ms = 30000
	receive.buffer.bytes = 65536
	reconnect.backoff.max.ms = 1000
	reconnect.backoff.ms = 50
	request.timeout.ms = 30000
	retries = 2147483647
	retry.backoff.ms = 100
	sasl.client.callback.handler.class = null
	sasl.jaas.config = null
	sasl.kerberos.kinit.cmd = /usr/bin/kinit
	sasl.kerberos.min.time.before.relogin = 60000
	sasl.kerberos.service.name = null
	sasl.kerberos.ticket.renew.jitter = 0.05
	sasl.kerberos.ticket.renew.window.factor = 0.8
	sasl.login.callback.handler.class = null
	sasl.login.class = null
	sasl.login.refresh.buffer.seconds = 300
	sasl.login.refresh.min.period.seconds = 60
	sasl.login.refresh.window.factor = 0.8
	sasl.login.refresh.window.jitter = 0.05
	sasl.mechanism = GSSAPI
	security.protocol = PLAINTEXT
	security.providers = null
	send.buffer.bytes = 131072
	ssl.cipher.suites = null
	ssl.enabled.protocols = [TLSv1.2]
	ssl.endpoint.identification.algorithm = https
	ssl.key.password = null
	ssl.keymanager.algorithm = SunX509
	ssl.keystore.location = null
	ssl.keystore.password = null
	ssl.keystore.type = JKS
	ssl.protocol = TLSv1.2
	ssl.provider = null
	ssl.secure.random.implementation = null
	ssl.trustmanager.algorithm = PKIX
	ssl.truststore.location = null
	ssl.truststore.password = null
	ssl.truststore.type = JKS

2023-10-20 16:48:15 [main] INFO  o.a.kafka.common.utils.AppInfoParser - Kafka version: 2.5.1
2023-10-20 16:48:15 [main] INFO  o.a.kafka.common.utils.AppInfoParser - Kafka commitId: 0efa8fb0f4c73d92
2023-10-20 16:48:15 [main] INFO  o.a.kafka.common.utils.AppInfoParser - Kafka startTimeMs: 1697800695301
2023-10-20 16:48:20 [main] INFO  o.s.b.w.e.netty.NettyWebServer - Netty started on port(s): 8080
2023-10-20 16:48:21 [main] INFO  c.m.d.t.t.k.s.TwitterToKafkaServiceApplication - Started TwitterToKafkaServiceApplication in 12.157 seconds (JVM running for 13.137)
2023-10-20 16:48:21 [main] INFO  c.m.d.t.t.k.s.TwitterToKafkaServiceApplication - App starts...
2023-10-20 16:48:21 [main] INFO  c.m.d.k.a.client.KafkaAdminClient - Creating 1 topics(s), attempt 0
2023-10-20 16:48:21 [main] INFO  c.m.d.k.a.client.KafkaAdminClient - Create topic result [KafkaFuture{value=null,exception=null,done=false}]
2023-10-20 16:48:21 [main] INFO  c.m.d.k.a.client.KafkaAdminClient - Reading kafka topic [twitter-topic], attempt 0
2023-10-20 16:48:26 [main] INFO  c.m.d.t.t.k.s.i.i.KafkaStreamInitializer - Topics with name twitter-topic is ready for operations!
2023-10-20 16:48:26 [main] INFO  c.m.d.t.t.k.s.r.i.MockKafkaStreamRunner - Starting mock filtering twitter streams for keywords [Java, Microservices, Kafka, Elasticsearch]
2023-10-20 16:48:26 [pool-1-thread-1] INFO  c.m.d.t.t.k.s.l.TwitterKafkaStatusListener - Received status text Maecenas malesuada sit sed congue lectus Elasticsearch amet dolor magna congue pulvinar sending to kafka topic twitter-topic
2023-10-20 16:48:26 [pool-1-thread-1] INFO  c.m.d.k.p.c.s.i.TwitterKafkaProducer - Sending message='{"userId": 1938841081068952237, "id": 2838323490108149469, "text": "Maecenas malesuada sit sed congue lectus Elasticsearch amet dolor magna congue pulvinar", "createdAt": 1697800706000}' to topic='twitter-topic'
2023-10-20 16:48:27 [pool-1-thread-1] INFO  o.a.k.c.producer.ProducerConfig - ProducerConfig values: 
	acks = -1
	batch.size = 1638400
	bootstrap.servers = [localhost:19092, localhost:29092, localhost:39092]
	buffer.memory = 33554432
	client.dns.lookup = default
	client.id = producer-1
	compression.type = snappy
	connections.max.idle.ms = 540000
	delivery.timeout.ms = 120000
	enable.idempotence = false
	interceptor.classes = []
	key.serializer = class org.apache.kafka.common.serialization.LongSerializer
	linger.ms = 5
	max.block.ms = 60000
	max.in.flight.requests.per.connection = 5
	max.request.size = 1048576
	metadata.max.age.ms = 300000
	metadata.max.idle.ms = 300000
	metric.reporters = []
	metrics.num.samples = 2
	metrics.recording.level = INFO
	metrics.sample.window.ms = 30000
	partitioner.class = class org.apache.kafka.clients.producer.internals.DefaultPartitioner
	receive.buffer.bytes = 32768
	reconnect.backoff.max.ms = 1000
	reconnect.backoff.ms = 50
	request.timeout.ms = 60000
	retries = 5
	retry.backoff.ms = 100
	sasl.client.callback.handler.class = null
	sasl.jaas.config = null
	sasl.kerberos.kinit.cmd = /usr/bin/kinit
	sasl.kerberos.min.time.before.relogin = 60000
	sasl.kerberos.service.name = null
	sasl.kerberos.ticket.renew.jitter = 0.05
	sasl.kerberos.ticket.renew.window.factor = 0.8
	sasl.login.callback.handler.class = null
	sasl.login.class = null
	sasl.login.refresh.buffer.seconds = 300
	sasl.login.refresh.min.period.seconds = 60
	sasl.login.refresh.window.factor = 0.8
	sasl.login.refresh.window.jitter = 0.05
	sasl.mechanism = GSSAPI
	security.protocol = PLAINTEXT
	security.providers = null
	send.buffer.bytes = 131072
	ssl.cipher.suites = null
	ssl.enabled.protocols = [TLSv1.2]
	ssl.endpoint.identification.algorithm = https
	ssl.key.password = null
	ssl.keymanager.algorithm = SunX509
	ssl.keystore.location = null
	ssl.keystore.password = null
	ssl.keystore.type = JKS
	ssl.protocol = TLSv1.2
	ssl.provider = null
	ssl.secure.random.implementation = null
	ssl.trustmanager.algorithm = PKIX
	ssl.truststore.location = null
	ssl.truststore.password = null
	ssl.truststore.type = JKS
	transaction.timeout.ms = 60000
	transactional.id = null
	value.serializer = class io.confluent.kafka.serializers.KafkaAvroSerializer

2023-10-20 16:48:27 [pool-1-thread-1] INFO  i.c.k.s.KafkaAvroSerializerConfig - KafkaAvroSerializerConfig values: 
	bearer.auth.token = [hidden]
	proxy.port = -1
	schema.reflection = false
	auto.register.schemas = true
	max.schemas.per.subject = 1000
	basic.auth.credentials.source = URL
	value.subject.name.strategy = class io.confluent.kafka.serializers.subject.TopicNameStrategy
	schema.registry.url = [http://localhost:8081]
	basic.auth.user.info = [hidden]
	proxy.host = 
	use.latest.version = false
	schema.registry.basic.auth.user.info = [hidden]
	bearer.auth.credentials.source = STATIC_TOKEN
	key.subject.name.strategy = class io.confluent.kafka.serializers.subject.TopicNameStrategy

2023-10-20 16:48:27 [pool-1-thread-1] WARN  o.a.k.c.producer.ProducerConfig - The configuration 'internal.auto.downgrade.txn.commit' was supplied but isn't a known config.
2023-10-20 16:48:27 [pool-1-thread-1] INFO  o.a.kafka.common.utils.AppInfoParser - Kafka version: 2.5.1
2023-10-20 16:48:27 [pool-1-thread-1] INFO  o.a.kafka.common.utils.AppInfoParser - Kafka commitId: 0efa8fb0f4c73d92
2023-10-20 16:48:27 [pool-1-thread-1] INFO  o.a.kafka.common.utils.AppInfoParser - Kafka startTimeMs: 1697800707146
2023-10-20 16:48:27 [kafka-producer-network-thread | producer-1] INFO  org.apache.kafka.clients.Metadata - [Producer clientId=producer-1] Cluster ID: RsFT6YY6S-GAlwOu9mHpNA
2023-10-20 16:48:40 [pool-1-thread-1] INFO  c.m.d.t.t.k.s.l.TwitterKafkaStatusListener - Received status text ipsum ultricies consectetuer Maecenas consectetuer pulvinar Lorem porttitor Java adipiscing congue magna sed purus massa sending to kafka topic twitter-topic
2023-10-20 16:48:40 [pool-1-thread-1] INFO  c.m.d.k.p.c.s.i.TwitterKafkaProducer - Sending message='{"userId": 465066429284160550, "id": 3651065834730389571, "text": "ipsum ultricies consectetuer Maecenas consectetuer pulvinar Lorem porttitor Java adipiscing congue magna sed purus massa", "createdAt": 1697800720000}' to topic='twitter-topic'
2023-10-20 16:48:50 [pool-1-thread-1] INFO  c.m.d.t.t.k.s.l.TwitterKafkaStatusListener - Received status text sed Maecenas porttitor pulvinar lectus purus Lorem Elasticsearch elit congue dolor ultricies sed posuere sending to kafka topic twitter-topic
2023-10-20 16:48:50 [pool-1-thread-1] INFO  c.m.d.k.p.c.s.i.TwitterKafkaProducer - Sending message='{"userId": 3983638780187367244, "id": 1941407772109393342, "text": "sed Maecenas porttitor pulvinar lectus purus Lorem Elasticsearch elit congue dolor ultricies sed posuere", "createdAt": 1697800730000}' to topic='twitter-topic'
2023-10-20 16:49:00 [pool-1-thread-1] INFO  c.m.d.t.t.k.s.l.TwitterKafkaStatusListener - Received status text magna porttitor massa amet amet sit sed massa Microservices congue purus libero posuere amet malesuada sending to kafka topic twitter-topic
2023-10-20 16:49:00 [pool-1-thread-1] INFO  c.m.d.k.p.c.s.i.TwitterKafkaProducer - Sending message='{"userId": 7320450957071259421, "id": 9089353810356363063, "text": "magna porttitor massa amet amet sit sed massa Microservices congue purus libero posuere amet malesuada", "createdAt": 1697800740000}' to topic='twitter-topic'
2023-10-20 16:49:10 [pool-1-thread-1] INFO  c.m.d.t.t.k.s.l.TwitterKafkaStatusListener - Received status text Maecenas sit congue ultricies posuere purus Lorem Java Maecenas amet porttitor Fusce libero sending to kafka topic twitter-topic
2023-10-20 16:49:10 [pool-1-thread-1] INFO  c.m.d.k.p.c.s.i.TwitterKafkaProducer - Sending message='{"userId": 6413374775370781934, "id": 710135058669913276, "text": "Maecenas sit congue ultricies posuere purus Lorem Java Maecenas amet porttitor Fusce libero", "createdAt": 1697800750000}' to topic='twitter-topic'
2023-10-20 16:49:20 [pool-1-thread-1] INFO  c.m.d.t.t.k.s.l.TwitterKafkaStatusListener - Received status text ipsum magna porttitor sed posuere lectus amet Kafka congue dolor ultricies purus ultricies dolor sending to kafka topic twitter-topic
2023-10-20 16:49:20 [pool-1-thread-1] INFO  c.m.d.k.p.c.s.i.TwitterKafkaProducer - Sending message='{"userId": 6287864665381708676, "id": 8316853017487692713, "text": "ipsum magna porttitor sed posuere lectus amet Kafka congue dolor ultricies purus ultricies dolor", "createdAt": 1697800760000}' to topic='twitter-topic'
2023-10-20 16:49:30 [pool-1-thread-1] INFO  c.m.d.t.t.k.s.l.TwitterKafkaStatusListener - Received status text magna sed amet Fusce porttitor pulvinar Kafka libero posuere libero ultricies sending to kafka topic twitter-topic
2023-10-20 16:49:30 [pool-1-thread-1] INFO  c.m.d.k.p.c.s.i.TwitterKafkaProducer - Sending message='{"userId": 7365415379626185387, "id": 3854805878802326827, "text": "magna sed amet Fusce porttitor pulvinar Kafka libero posuere libero ultricies", "createdAt": 1697800770000}' to topic='twitter-topic'
2023-10-20 16:49:40 [pool-1-thread-1] INFO  c.m.d.t.t.k.s.l.TwitterKafkaStatusListener - Received status text purus ipsum elit ipsum Fusce purus malesuada Elasticsearch lectus amet ultricies amet ultricies sending to kafka topic twitter-topic
2023-10-20 16:49:40 [pool-1-thread-1] INFO  c.m.d.k.p.c.s.i.TwitterKafkaProducer - Sending message='{"userId": 6239371291467063403, "id": 8701724202208263956, "text": "purus ipsum elit ipsum Fusce purus malesuada Elasticsearch lectus amet ultricies amet ultricies", "createdAt": 1697800780000}' to topic='twitter-topic'
2023-10-20 16:49:50 [pool-1-thread-1] INFO  c.m.d.t.t.k.s.l.TwitterKafkaStatusListener - Received status text ipsum Lorem purus massa malesuada sit ipsum Java congue dolor dolor consectetuer congue sending to kafka topic twitter-topic
2023-10-20 16:49:50 [pool-1-thread-1] INFO  c.m.d.k.p.c.s.i.TwitterKafkaProducer - Sending message='{"userId": 5467088543149858668, "id": 9221870605507799509, "text": "ipsum Lorem purus massa malesuada sit ipsum Java congue dolor dolor consectetuer congue", "createdAt": 1697800790000}' to topic='twitter-topic'
2023-10-20 16:50:00 [pool-1-thread-1] INFO  c.m.d.t.t.k.s.l.TwitterKafkaStatusListener - Received status text lectus elit purus pulvinar Kafka congue adipiscing pulvinar sending to kafka topic twitter-topic
2023-10-20 16:50:00 [pool-1-thread-1] INFO  c.m.d.k.p.c.s.i.TwitterKafkaProducer - Sending message='{"userId": 2966338979727561335, "id": 4226081174869475928, "text": "lectus elit purus pulvinar Kafka congue adipiscing pulvinar", "createdAt": 1697800800000}' to topic='twitter-topic'
2023-10-20 16:50:10 [pool-1-thread-1] INFO  c.m.d.t.t.k.s.l.TwitterKafkaStatusListener - Received status text magna amet pulvinar lectus porttitor Java Fusce purus magna porttitor sending to kafka topic twitter-topic
2023-10-20 16:50:10 [pool-1-thread-1] INFO  c.m.d.k.p.c.s.i.TwitterKafkaProducer - Sending message='{"userId": 1890983204559115021, "id": 2061102757665850458, "text": "magna amet pulvinar lectus porttitor Java Fusce purus magna porttitor", "createdAt": 1697800810000}' to topic='twitter-topic'
2023-10-20 16:50:20 [pool-1-thread-1] INFO  c.m.d.t.t.k.s.l.TwitterKafkaStatusListener - Received status text posuere magna amet congue pulvinar massa Kafka massa lectus porttitor purus sending to kafka topic twitter-topic
2023-10-20 16:50:20 [pool-1-thread-1] INFO  c.m.d.k.p.c.s.i.TwitterKafkaProducer - Sending message='{"userId": 3322305315116173287, "id": 6790813124337678126, "text": "posuere magna amet congue pulvinar massa Kafka massa lectus porttitor purus", "createdAt": 1697800820000}' to topic='twitter-topic'
2023-10-20 16:50:30 [pool-1-thread-1] INFO  c.m.d.t.t.k.s.l.TwitterKafkaStatusListener - Received status text amet pulvinar adipiscing porttitor amet elit Java posuere congue congue sit sed sending to kafka topic twitter-topic
2023-10-20 16:50:30 [pool-1-thread-1] INFO  c.m.d.k.p.c.s.i.TwitterKafkaProducer - Sending message='{"userId": 4225479475120354362, "id": 1279398614748560875, "text": "amet pulvinar adipiscing porttitor amet elit Java posuere congue congue sit sed", "createdAt": 1697800830000}' to topic='twitter-topic'
2023-10-20 16:50:40 [pool-1-thread-1] INFO  c.m.d.t.t.k.s.l.TwitterKafkaStatusListener - Received status text elit magna ipsum Elasticsearch amet adipiscing sending to kafka topic twitter-topic
2023-10-20 16:50:40 [pool-1-thread-1] INFO  c.m.d.k.p.c.s.i.TwitterKafkaProducer - Sending message='{"userId": 5507743912509668206, "id": 6165734387620729461, "text": "elit magna ipsum Elasticsearch amet adipiscing", "createdAt": 1697800840000}' to topic='twitter-topic'
2023-10-20 16:50:50 [pool-1-thread-1] INFO  c.m.d.t.t.k.s.l.TwitterKafkaStatusListener - Received status text pulvinar porttitor magna Microservices libero porttitor sending to kafka topic twitter-topic
2023-10-20 16:50:50 [pool-1-thread-1] INFO  c.m.d.k.p.c.s.i.TwitterKafkaProducer - Sending message='{"userId": 3623114720816019130, "id": 4379537441298469529, "text": "pulvinar porttitor magna Microservices libero porttitor", "createdAt": 1697800850000}' to topic='twitter-topic'
2023-10-20 16:51:00 [pool-1-thread-1] INFO  c.m.d.t.t.k.s.l.TwitterKafkaStatusListener - Received status text Lorem malesuada Lorem malesuada libero malesuada porttitor Java massa lectus ipsum Maecenas malesuada Lorem sending to kafka topic twitter-topic
2023-10-20 16:51:00 [pool-1-thread-1] INFO  c.m.d.k.p.c.s.i.TwitterKafkaProducer - Sending message='{"userId": 1650315003044733834, "id": 8989959924803735501, "text": "Lorem malesuada Lorem malesuada libero malesuada porttitor Java massa lectus ipsum Maecenas malesuada Lorem", "createdAt": 1697800860000}' to topic='twitter-topic'
2023-10-20 16:51:10 [pool-1-thread-1] INFO  c.m.d.t.t.k.s.l.TwitterKafkaStatusListener - Received status text sit amet massa amet ipsum elit porttitor ipsum Microservices ipsum sed magna elit elit Lorem sending to kafka topic twitter-topic
2023-10-20 16:51:10 [pool-1-thread-1] INFO  c.m.d.k.p.c.s.i.TwitterKafkaProducer - Sending message='{"userId": 5189094389104493649, "id": 334897514088370959, "text": "sit amet massa amet ipsum elit porttitor ipsum Microservices ipsum sed magna elit elit Lorem", "createdAt": 1697800870000}' to topic='twitter-topic'
2023-10-20 16:51:20 [pool-1-thread-1] INFO  c.m.d.t.t.k.s.l.TwitterKafkaStatusListener - Received status text sed elit lectus pulvinar Fusce sed Java dolor massa Lorem Maecenas sending to kafka topic twitter-topic
2023-10-20 16:51:20 [pool-1-thread-1] INFO  c.m.d.k.p.c.s.i.TwitterKafkaProducer - Sending message='{"userId": 7674043082119084371, "id": 2389365162758620396, "text": "sed elit lectus pulvinar Fusce sed Java dolor massa Lorem Maecenas", "createdAt": 1697800880000}' to topic='twitter-topic'
2023-10-20 16:51:30 [pool-1-thread-1] INFO  c.m.d.t.t.k.s.l.TwitterKafkaStatusListener - Received status text libero dolor sed malesuada sed Fusce pulvinar Java sed adipiscing adipiscing sit posuere sending to kafka topic twitter-topic
2023-10-20 16:51:30 [pool-1-thread-1] INFO  c.m.d.k.p.c.s.i.TwitterKafkaProducer - Sending message='{"userId": 716256920997719538, "id": 6893253743276507630, "text": "libero dolor sed malesuada sed Fusce pulvinar Java sed adipiscing adipiscing sit posuere", "createdAt": 1697800890000}' to topic='twitter-topic'
2023-10-20 16:51:40 [pool-1-thread-1] INFO  c.m.d.t.t.k.s.l.TwitterKafkaStatusListener - Received status text consectetuer massa Fusce Fusce pulvinar adipiscing sed Kafka dolor purus posuere porttitor massa sending to kafka topic twitter-topic
2023-10-20 16:51:40 [pool-1-thread-1] INFO  c.m.d.k.p.c.s.i.TwitterKafkaProducer - Sending message='{"userId": 2065252794922979170, "id": 8863294733886971335, "text": "consectetuer massa Fusce Fusce pulvinar adipiscing sed Kafka dolor purus posuere porttitor massa", "createdAt": 1697800900000}' to topic='twitter-topic'
2023-10-20 16:51:50 [pool-1-thread-1] INFO  c.m.d.t.t.k.s.l.TwitterKafkaStatusListener - Received status text pulvinar purus sed sed Maecenas porttitor adipiscing Kafka Fusce libero pulvinar massa amet sending to kafka topic twitter-topic
2023-10-20 16:51:50 [pool-1-thread-1] INFO  c.m.d.k.p.c.s.i.TwitterKafkaProducer - Sending message='{"userId": 1614842243955993622, "id": 8366662238550664018, "text": "pulvinar purus sed sed Maecenas porttitor adipiscing Kafka Fusce libero pulvinar massa amet", "createdAt": 1697800910000}' to topic='twitter-topic'
2023-10-20 16:52:00 [pool-1-thread-1] INFO  c.m.d.t.t.k.s.l.TwitterKafkaStatusListener - Received status text purus libero ultricies Microservices dolor adipiscing sending to kafka topic twitter-topic
2023-10-20 16:52:00 [pool-1-thread-1] INFO  c.m.d.k.p.c.s.i.TwitterKafkaProducer - Sending message='{"userId": 5535879102970375945, "id": 8058845880485972537, "text": "purus libero ultricies Microservices dolor adipiscing", "createdAt": 1697800920000}' to topic='twitter-topic'
2023-10-20 16:52:10 [pool-1-thread-1] INFO  c.m.d.t.t.k.s.l.TwitterKafkaStatusListener - Received status text pulvinar adipiscing purus ultricies massa Microservices magna posuere libero sending to kafka topic twitter-topic
2023-10-20 16:52:10 [pool-1-thread-1] INFO  c.m.d.k.p.c.s.i.TwitterKafkaProducer - Sending message='{"userId": 7217560961300713500, "id": 5959486124243009587, "text": "pulvinar adipiscing purus ultricies massa Microservices magna posuere libero", "createdAt": 1697800930000}' to topic='twitter-topic'
2023-10-20 16:52:20 [pool-1-thread-1] INFO  c.m.d.t.t.k.s.l.TwitterKafkaStatusListener - Received status text porttitor congue congue Fusce consectetuer posuere elit elit Elasticsearch dolor Lorem adipiscing Maecenas sit consectetuer sending to kafka topic twitter-topic
2023-10-20 16:52:20 [pool-1-thread-1] INFO  c.m.d.k.p.c.s.i.TwitterKafkaProducer - Sending message='{"userId": 2719857432365697946, "id": 7329346765649550605, "text": "porttitor congue congue Fusce consectetuer posuere elit elit Elasticsearch dolor Lorem adipiscing Maecenas sit consectetuer", "createdAt": 1697800940000}' to topic='twitter-topic'
2023-10-20 16:52:30 [pool-1-thread-1] INFO  c.m.d.t.t.k.s.l.TwitterKafkaStatusListener - Received status text massa pulvinar sit massa pulvinar Elasticsearch purus pulvinar Fusce sending to kafka topic twitter-topic
2023-10-20 16:52:30 [pool-1-thread-1] INFO  c.m.d.k.p.c.s.i.TwitterKafkaProducer - Sending message='{"userId": 7900935602687578045, "id": 3760353385268000740, "text": "massa pulvinar sit massa pulvinar Elasticsearch purus pulvinar Fusce", "createdAt": 1697800950000}' to topic='twitter-topic'
2023-10-20 16:52:40 [pool-1-thread-1] INFO  c.m.d.t.t.k.s.l.TwitterKafkaStatusListener - Received status text Maecenas pulvinar malesuada Lorem porttitor adipiscing posuere Elasticsearch libero Maecenas sed porttitor congue sending to kafka topic twitter-topic
2023-10-20 16:52:40 [pool-1-thread-1] INFO  c.m.d.k.p.c.s.i.TwitterKafkaProducer - Sending message='{"userId": 1242847696542224237, "id": 8882591950727879215, "text": "Maecenas pulvinar malesuada Lorem porttitor adipiscing posuere Elasticsearch libero Maecenas sed porttitor congue", "createdAt": 1697800960000}' to topic='twitter-topic'
2023-10-20 16:52:51 [pool-1-thread-1] INFO  c.m.d.t.t.k.s.l.TwitterKafkaStatusListener - Received status text ipsum adipiscing amet sit ipsum amet dolor Java ipsum Lorem malesuada consectetuer adipiscing consectetuer sending to kafka topic twitter-topic
2023-10-20 16:52:51 [pool-1-thread-1] INFO  c.m.d.k.p.c.s.i.TwitterKafkaProducer - Sending message='{"userId": 2688123311903046808, "id": 8392288586482460347, "text": "ipsum adipiscing amet sit ipsum amet dolor Java ipsum Lorem malesuada consectetuer adipiscing consectetuer", "createdAt": 1697800971000}' to topic='twitter-topic'
2023-10-20 16:53:01 [pool-1-thread-1] INFO  c.m.d.t.t.k.s.l.TwitterKafkaStatusListener - Received status text Maecenas Maecenas consectetuer ipsum Fusce lectus elit Kafka consectetuer ipsum sed lectus amet ipsum sending to kafka topic twitter-topic
2023-10-20 16:53:01 [pool-1-thread-1] INFO  c.m.d.k.p.c.s.i.TwitterKafkaProducer - Sending message='{"userId": 7651607935101613601, "id": 3968565297721590392, "text": "Maecenas Maecenas consectetuer ipsum Fusce lectus elit Kafka consectetuer ipsum sed lectus amet ipsum", "createdAt": 1697800981000}' to topic='twitter-topic'
2023-10-20 16:53:11 [pool-1-thread-1] INFO  c.m.d.t.t.k.s.l.TwitterKafkaStatusListener - Received status text sit amet consectetuer massa Fusce consectetuer Fusce Java sit porttitor Maecenas massa pulvinar congue sending to kafka topic twitter-topic
2023-10-20 16:53:11 [pool-1-thread-1] INFO  c.m.d.k.p.c.s.i.TwitterKafkaProducer - Sending message='{"userId": 1143104893920600987, "id": 9069077630982325497, "text": "sit amet consectetuer massa Fusce consectetuer Fusce Java sit porttitor Maecenas massa pulvinar congue", "createdAt": 1697800991000}' to topic='twitter-topic'
2023-10-20 16:53:21 [pool-1-thread-1] INFO  c.m.d.t.t.k.s.l.TwitterKafkaStatusListener - Received status text elit porttitor lectus Lorem Microservices magna elit Lorem sending to kafka topic twitter-topic
2023-10-20 16:53:21 [pool-1-thread-1] INFO  c.m.d.k.p.c.s.i.TwitterKafkaProducer - Sending message='{"userId": 4183236287590843417, "id": 6446585058721344950, "text": "elit porttitor lectus Lorem Microservices magna elit Lorem", "createdAt": 1697801001000}' to topic='twitter-topic'
2023-10-20 16:53:31 [pool-1-thread-1] INFO  c.m.d.t.t.k.s.l.TwitterKafkaStatusListener - Received status text Maecenas Maecenas elit Java pulvinar Maecenas sending to kafka topic twitter-topic
2023-10-20 16:53:31 [pool-1-thread-1] INFO  c.m.d.k.p.c.s.i.TwitterKafkaProducer - Sending message='{"userId": 5819329688132790713, "id": 3009589780508686828, "text": "Maecenas Maecenas elit Java pulvinar Maecenas", "createdAt": 1697801011000}' to topic='twitter-topic'
2023-10-20 16:53:41 [pool-1-thread-1] INFO  c.m.d.t.t.k.s.l.TwitterKafkaStatusListener - Received status text elit dolor libero libero Elasticsearch sed posuere sending to kafka topic twitter-topic
2023-10-20 16:53:41 [pool-1-thread-1] INFO  c.m.d.k.p.c.s.i.TwitterKafkaProducer - Sending message='{"userId": 6154905680364649281, "id": 7061588207818330711, "text": "elit dolor libero libero Elasticsearch sed posuere", "createdAt": 1697801021000}' to topic='twitter-topic'
2023-10-20 16:53:51 [pool-1-thread-1] INFO  c.m.d.t.t.k.s.l.TwitterKafkaStatusListener - Received status text libero malesuada amet Fusce posuere Java sed sed purus sending to kafka topic twitter-topic
2023-10-20 16:53:51 [pool-1-thread-1] INFO  c.m.d.k.p.c.s.i.TwitterKafkaProducer - Sending message='{"userId": 5004653051434518501, "id": 7541732882923236048, "text": "libero malesuada amet Fusce posuere Java sed sed purus", "createdAt": 1697801031000}' to topic='twitter-topic'
2023-10-20 16:54:01 [pool-1-thread-1] INFO  c.m.d.t.t.k.s.l.TwitterKafkaStatusListener - Received status text adipiscing purus porttitor Lorem congue ipsum consectetuer Microservices dolor consectetuer adipiscing congue lectus sending to kafka topic twitter-topic
2023-10-20 16:54:01 [pool-1-thread-1] INFO  c.m.d.k.p.c.s.i.TwitterKafkaProducer - Sending message='{"userId": 4788702394295689081, "id": 23274986231949056, "text": "adipiscing purus porttitor Lorem congue ipsum consectetuer Microservices dolor consectetuer adipiscing congue lectus", "createdAt": 1697801041000}' to topic='twitter-topic'
2023-10-20 16:54:11 [pool-1-thread-1] INFO  c.m.d.t.t.k.s.l.TwitterKafkaStatusListener - Received status text Maecenas lectus sit congue malesuada congue ultricies Maecenas Kafka massa lectus lectus Fusce ipsum magna sending to kafka topic twitter-topic
2023-10-20 16:54:11 [pool-1-thread-1] INFO  c.m.d.k.p.c.s.i.TwitterKafkaProducer - Sending message='{"userId": 6881127410809073890, "id": 6581806976641232023, "text": "Maecenas lectus sit congue malesuada congue ultricies Maecenas Kafka massa lectus lectus Fusce ipsum magna", "createdAt": 1697801051000}' to topic='twitter-topic'
2023-10-20 16:54:21 [pool-1-thread-1] INFO  c.m.d.t.t.k.s.l.TwitterKafkaStatusListener - Received status text libero sed massa Fusce porttitor Kafka pulvinar massa purus ipsum sending to kafka topic twitter-topic
2023-10-20 16:54:21 [pool-1-thread-1] INFO  c.m.d.k.p.c.s.i.TwitterKafkaProducer - Sending message='{"userId": 4114848127609423164, "id": 924766221993786109, "text": "libero sed massa Fusce porttitor Kafka pulvinar massa purus ipsum", "createdAt": 1697801061000}' to topic='twitter-topic'
2023-10-20 16:54:31 [pool-1-thread-1] INFO  c.m.d.t.t.k.s.l.TwitterKafkaStatusListener - Received status text consectetuer sit Lorem purus congue Microservices magna consectetuer purus Fusce sending to kafka topic twitter-topic
2023-10-20 16:54:31 [pool-1-thread-1] INFO  c.m.d.k.p.c.s.i.TwitterKafkaProducer - Sending message='{"userId": 8387476178271866951, "id": 7498811606126492703, "text": "consectetuer sit Lorem purus congue Microservices magna consectetuer purus Fusce", "createdAt": 1697801071000}' to topic='twitter-topic'
2023-10-20 16:54:41 [pool-1-thread-1] INFO  c.m.d.t.t.k.s.l.TwitterKafkaStatusListener - Received status text ultricies lectus porttitor adipiscing porttitor Microservices dolor porttitor consectetuer sending to kafka topic twitter-topic
2023-10-20 16:54:41 [pool-1-thread-1] INFO  c.m.d.k.p.c.s.i.TwitterKafkaProducer - Sending message='{"userId": 9072647807861992177, "id": 6484546816033296156, "text": "ultricies lectus porttitor adipiscing porttitor Microservices dolor porttitor consectetuer", "createdAt": 1697801081000}' to topic='twitter-topic'
2023-10-20 16:54:51 [pool-1-thread-1] INFO  c.m.d.t.t.k.s.l.TwitterKafkaStatusListener - Received status text lectus ultricies dolor porttitor consectetuer Elasticsearch ultricies posuere ultricies purus sending to kafka topic twitter-topic
2023-10-20 16:54:51 [pool-1-thread-1] INFO  c.m.d.k.p.c.s.i.TwitterKafkaProducer - Sending message='{"userId": 2554701958432911687, "id": 4363220937219625476, "text": "lectus ultricies dolor porttitor consectetuer Elasticsearch ultricies posuere ultricies purus", "createdAt": 1697801091000}' to topic='twitter-topic'
2023-10-20 16:55:01 [pool-1-thread-1] INFO  c.m.d.t.t.k.s.l.TwitterKafkaStatusListener - Received status text purus libero libero lectus amet Microservices libero Fusce lectus sending to kafka topic twitter-topic
2023-10-20 16:55:01 [pool-1-thread-1] INFO  c.m.d.k.p.c.s.i.TwitterKafkaProducer - Sending message='{"userId": 1950881344174410895, "id": 3920718550732509205, "text": "purus libero libero lectus amet Microservices libero Fusce lectus", "createdAt": 1697801101000}' to topic='twitter-topic'
2023-10-20 16:55:11 [pool-1-thread-1] INFO  c.m.d.t.t.k.s.l.TwitterKafkaStatusListener - Received status text porttitor consectetuer ultricies posuere Fusce amet sit Maecenas Kafka sit malesuada congue Fusce adipiscing porttitor libero sending to kafka topic twitter-topic
2023-10-20 16:55:11 [pool-1-thread-1] INFO  c.m.d.k.p.c.s.i.TwitterKafkaProducer - Sending message='{"userId": 9147731672184828216, "id": 2852384240015640576, "text": "porttitor consectetuer ultricies posuere Fusce amet sit Maecenas Kafka sit malesuada congue Fusce adipiscing porttitor libero", "createdAt": 1697801111000}' to topic='twitter-topic'
2023-10-20 16:55:21 [pool-1-thread-1] INFO  c.m.d.t.t.k.s.l.TwitterKafkaStatusListener - Received status text sed congue massa ultricies Elasticsearch pulvinar Maecenas sending to kafka topic twitter-topic
2023-10-20 16:55:21 [pool-1-thread-1] INFO  c.m.d.k.p.c.s.i.TwitterKafkaProducer - Sending message='{"userId": 879931886690526001, "id": 8034812682053267681, "text": "sed congue massa ultricies Elasticsearch pulvinar Maecenas", "createdAt": 1697801121000}' to topic='twitter-topic'
2023-10-20 16:55:31 [pool-1-thread-1] INFO  c.m.d.t.t.k.s.l.TwitterKafkaStatusListener - Received status text dolor posuere purus ultricies dolor consectetuer ipsum Java posuere lectus malesuada porttitor purus sending to kafka topic twitter-topic
2023-10-20 16:55:31 [pool-1-thread-1] INFO  c.m.d.k.p.c.s.i.TwitterKafkaProducer - Sending message='{"userId": 5916779965530901976, "id": 1543866541627063911, "text": "dolor posuere purus ultricies dolor consectetuer ipsum Java posuere lectus malesuada porttitor purus", "createdAt": 1697801131000}' to topic='twitter-topic'
2023-10-20 16:55:32 [SpringContextShutdownHook] INFO  c.m.d.k.p.c.s.i.TwitterKafkaProducer - Closing kafka producer!
2023-10-20 16:55:32 [SpringContextShutdownHook] INFO  o.a.k.clients.producer.KafkaProducer - [Producer clientId=producer-1] Closing the Kafka producer with timeoutMillis = 30000 ms.
